<?xml version="1.0" encoding="UTF-8"?>
<testng-results ignored="0" total="1" passed="1" failed="0" skipped="0">
  <reporter-output>
  </reporter-output>
  <suite started-at="2018-10-21T17:42:44Z" name="Default suite" finished-at="2018-10-21T17:42:57Z" duration-ms="12931">
    <groups>
    </groups>
    <test started-at="2018-10-21T17:42:44Z" name="Default test" finished-at="2018-10-21T17:42:57Z" duration-ms="12931">
      <class name="testcases.TC001">
        <test-method signature="testcas1()[pri:0, instance:testcases.TC001@1a18644]" started-at="2018-10-21T17:42:44Z" name="testcas1" finished-at="2018-10-21T17:42:57Z" duration-ms="12892" status="PASS">
          <reporter-output>
          </reporter-output>
        </test-method> <!-- testcas1 -->
      </class> <!-- testcases.TC001 -->
    </test> <!-- Default test -->
  </suite> <!-- Default suite -->
</testng-results>
